  CTCPServer.cpp
C:\Users\Doru\Desktop\Proiect POO\CodeBuddy Server\CODE-BUDDY\ServerSide\CodeBuddy Server\CTCPServer.h(23,22): warning C4114: same type qualifier used more than once
C:\Users\Doru\Desktop\Proiect POO\CodeBuddy Server\CODE-BUDDY\ServerSide\CodeBuddy Server\CTCPServer.cpp(63,33): warning C4114: same type qualifier used more than once
C:\Users\Doru\Desktop\Proiect POO\CodeBuddy Server\CODE-BUDDY\ServerSide\CodeBuddy Server\CTCPServer.cpp(116,64): warning C4267: 'argument': conversion from 'size_t' to 'const int', possible loss of data
  Main.cpp
C:\Users\Doru\Desktop\Proiect POO\CodeBuddy Server\CODE-BUDDY\ServerSide\CodeBuddy Server\CTCPServer.h(23,22): warning C4114: same type qualifier used more than once
  SDataBase.cpp
C:\Users\Doru\Desktop\Proiect POO\CodeBuddy Server\CODE-BUDDY\ServerSide\CodeBuddy Server\SDataBase.cpp(137,37): warning C4267: 'argument': conversion from 'size_t' to '_Elem', possible loss of data
          with
          [
              _Elem=char
          ]
C:\Users\Doru\Desktop\Proiect POO\CodeBuddy Server\CODE-BUDDY\ServerSide\CodeBuddy Server\SDataBase.cpp(142,33): warning C4267: 'argument': conversion from 'size_t' to '_Elem', possible loss of data
          with
          [
              _Elem=char
          ]
C:\Users\Doru\Desktop\Proiect POO\CodeBuddy Server\CODE-BUDDY\ServerSide\CodeBuddy Server\SDataBase.cpp(211,33): warning C4267: 'argument': conversion from 'size_t' to '_Elem', possible loss of data
          with
          [
              _Elem=char
          ]
C:\Users\Doru\Desktop\Proiect POO\CodeBuddy Server\CODE-BUDDY\ServerSide\CodeBuddy Server\SDataBase.cpp(271,29): warning C4267: 'argument': conversion from 'size_t' to '_Elem', possible loss of data
          with
          [
              _Elem=char
          ]
  Generating Code...
C:\Program Files\Microsoft Visual Studio\2022\Community\MSBuild\Microsoft\VC\v170\Microsoft.CppCommon.targets(1094,5): error MSB6006: "link.exe" exited with code 1168.
LINK : fatal error LNK1168: cannot open C:\Users\Doru\Desktop\Proiect POO\CodeBuddy Server\CODE-BUDDY\ServerSide\x64\Debug\CodeBuddy Server.exe for writing
